
[2026-05-09T10:23:19.674Z] Error: Error: Invalid login: 535 5.7.8 Error: authentication failed: (reason unavailable)
    at SMTPConnection._formatError (C:\Users\Deepti J\Desktop\sun-tech\node_modules\nodemailer\lib\smtp-connection\index.js:814:19)
    at SMTPConnection._actionAUTHComplete (C:\Users\Deepti J\Desktop\sun-tech\node_modules\nodemailer\lib\smtp-connection\index.js:1622:34)
    at SMTPConnection.<anonymous> (C:\Users\Deepti J\Desktop\sun-tech\node_modules\nodemailer\lib\smtp-connection\index.js:556:26)
    at SMTPConnection._processResponse (C:\Users\Deepti J\Desktop\sun-tech\node_modules\nodemailer\lib\smtp-connection\index.js:998:20)
    at SMTPConnection._onData (C:\Users\Deepti J\Desktop\sun-tech\node_modules\nodemailer\lib\smtp-connection\index.js:774:14)
    at SMTPConnection._onSocketData (C:\Users\Deepti J\Desktop\sun-tech\node_modules\nodemailer\lib\smtp-connection\index.js:195:44)
    at TLSSocket.emit (node:events:508:28)
    at addChunk (node:internal/streams/readable:563:12)
    at readableAddChunkPushByteMode (node:internal/streams/readable:514:3)
    at Readable.push (node:internal/streams/readable:394:5)

[2026-05-09T10:29:48.849Z] Error: Error: Invalid login: 535 5.7.8 Error: authentication failed: (reason unavailable)
    at SMTPConnection._formatError (C:\Users\Deepti J\Desktop\sun-tech\node_modules\nodemailer\lib\smtp-connection\index.js:814:19)
    at SMTPConnection._actionAUTHComplete (C:\Users\Deepti J\Desktop\sun-tech\node_modules\nodemailer\lib\smtp-connection\index.js:1622:34)
    at SMTPConnection.<anonymous> (C:\Users\Deepti J\Desktop\sun-tech\node_modules\nodemailer\lib\smtp-connection\index.js:556:26)
    at SMTPConnection._processResponse (C:\Users\Deepti J\Desktop\sun-tech\node_modules\nodemailer\lib\smtp-connection\index.js:998:20)
    at SMTPConnection._onData (C:\Users\Deepti J\Desktop\sun-tech\node_modules\nodemailer\lib\smtp-connection\index.js:774:14)
    at SMTPConnection._onSocketData (C:\Users\Deepti J\Desktop\sun-tech\node_modules\nodemailer\lib\smtp-connection\index.js:195:44)
    at TLSSocket.emit (node:events:508:28)
    at addChunk (node:internal/streams/readable:563:12)
    at readableAddChunkPushByteMode (node:internal/streams/readable:514:3)
    at Readable.push (node:internal/streams/readable:394:5)

[2026-05-09T10:30:09.466Z] Error: Error: Invalid login: 535 5.7.8 Error: authentication failed: (reason unavailable)
    at SMTPConnection._formatError (C:\Users\Deepti J\Desktop\sun-tech\node_modules\nodemailer\lib\smtp-connection\index.js:814:19)
    at SMTPConnection._actionAUTHComplete (C:\Users\Deepti J\Desktop\sun-tech\node_modules\nodemailer\lib\smtp-connection\index.js:1622:34)
    at SMTPConnection.<anonymous> (C:\Users\Deepti J\Desktop\sun-tech\node_modules\nodemailer\lib\smtp-connection\index.js:556:26)
    at SMTPConnection._processResponse (C:\Users\Deepti J\Desktop\sun-tech\node_modules\nodemailer\lib\smtp-connection\index.js:998:20)
    at SMTPConnection._onData (C:\Users\Deepti J\Desktop\sun-tech\node_modules\nodemailer\lib\smtp-connection\index.js:774:14)
    at SMTPConnection._onSocketData (C:\Users\Deepti J\Desktop\sun-tech\node_modules\nodemailer\lib\smtp-connection\index.js:195:44)
    at TLSSocket.emit (node:events:508:28)
    at addChunk (node:internal/streams/readable:563:12)
    at readableAddChunkPushByteMode (node:internal/streams/readable:514:3)
    at Readable.push (node:internal/streams/readable:394:5)

[2026-05-09T10:58:25.673Z] Error: Error: Invalid login: 535 5.7.8 Error: authentication failed: (reason unavailable)
    at SMTPConnection._formatError (C:\Users\Deepti J\Desktop\sun-tech\node_modules\nodemailer\lib\smtp-connection\index.js:814:19)
    at SMTPConnection._actionAUTHComplete (C:\Users\Deepti J\Desktop\sun-tech\node_modules\nodemailer\lib\smtp-connection\index.js:1622:34)
    at SMTPConnection.<anonymous> (C:\Users\Deepti J\Desktop\sun-tech\node_modules\nodemailer\lib\smtp-connection\index.js:556:26)
    at SMTPConnection._processResponse (C:\Users\Deepti J\Desktop\sun-tech\node_modules\nodemailer\lib\smtp-connection\index.js:998:20)
    at SMTPConnection._onData (C:\Users\Deepti J\Desktop\sun-tech\node_modules\nodemailer\lib\smtp-connection\index.js:774:14)
    at SMTPConnection._onSocketData (C:\Users\Deepti J\Desktop\sun-tech\node_modules\nodemailer\lib\smtp-connection\index.js:195:44)
    at TLSSocket.emit (node:events:508:28)
    at addChunk (node:internal/streams/readable:563:12)
    at readableAddChunkPushByteMode (node:internal/streams/readable:514:3)
    at Readable.push (node:internal/streams/readable:394:5)

[2026-05-09T11:06:55.635Z] Error: Error: Invalid login: 535 5.7.8 Error: authentication failed: (reason unavailable)
    at SMTPConnection._formatError (C:\Users\Deepti J\Desktop\sun-tech\node_modules\nodemailer\lib\smtp-connection\index.js:814:19)
    at SMTPConnection._actionAUTHComplete (C:\Users\Deepti J\Desktop\sun-tech\node_modules\nodemailer\lib\smtp-connection\index.js:1622:34)
    at SMTPConnection.<anonymous> (C:\Users\Deepti J\Desktop\sun-tech\node_modules\nodemailer\lib\smtp-connection\index.js:556:26)
    at SMTPConnection._processResponse (C:\Users\Deepti J\Desktop\sun-tech\node_modules\nodemailer\lib\smtp-connection\index.js:998:20)
    at SMTPConnection._onData (C:\Users\Deepti J\Desktop\sun-tech\node_modules\nodemailer\lib\smtp-connection\index.js:774:14)
    at SMTPConnection._onSocketData (C:\Users\Deepti J\Desktop\sun-tech\node_modules\nodemailer\lib\smtp-connection\index.js:195:44)
    at TLSSocket.emit (node:events:508:28)
    at addChunk (node:internal/streams/readable:563:12)
    at readableAddChunkPushByteMode (node:internal/streams/readable:514:3)
    at Readable.push (node:internal/streams/readable:394:5)

[2026-05-09T11:25:33.397Z] Error: Error: Invalid login: 535 5.7.8 Error: authentication failed: (reason unavailable)
    at SMTPConnection._formatError (C:\Users\Deepti J\Desktop\sun-tech\node_modules\nodemailer\lib\smtp-connection\index.js:814:19)
    at SMTPConnection._actionAUTHComplete (C:\Users\Deepti J\Desktop\sun-tech\node_modules\nodemailer\lib\smtp-connection\index.js:1622:34)
    at SMTPConnection.<anonymous> (C:\Users\Deepti J\Desktop\sun-tech\node_modules\nodemailer\lib\smtp-connection\index.js:556:26)
    at SMTPConnection._processResponse (C:\Users\Deepti J\Desktop\sun-tech\node_modules\nodemailer\lib\smtp-connection\index.js:998:20)
    at SMTPConnection._onData (C:\Users\Deepti J\Desktop\sun-tech\node_modules\nodemailer\lib\smtp-connection\index.js:774:14)
    at SMTPConnection._onSocketData (C:\Users\Deepti J\Desktop\sun-tech\node_modules\nodemailer\lib\smtp-connection\index.js:195:44)
    at TLSSocket.emit (node:events:508:28)
    at addChunk (node:internal/streams/readable:563:12)
    at readableAddChunkPushByteMode (node:internal/streams/readable:514:3)
    at Readable.push (node:internal/streams/readable:394:5)

[2026-05-09T11:33:07.409Z] Error: Error: Invalid login: 535 5.7.8 Error: authentication failed: (reason unavailable)
    at SMTPConnection._formatError (C:\Users\Deepti J\Desktop\sun-tech\node_modules\nodemailer\lib\smtp-connection\index.js:814:19)
    at SMTPConnection._actionAUTHComplete (C:\Users\Deepti J\Desktop\sun-tech\node_modules\nodemailer\lib\smtp-connection\index.js:1622:34)
    at SMTPConnection.<anonymous> (C:\Users\Deepti J\Desktop\sun-tech\node_modules\nodemailer\lib\smtp-connection\index.js:556:26)
    at SMTPConnection._processResponse (C:\Users\Deepti J\Desktop\sun-tech\node_modules\nodemailer\lib\smtp-connection\index.js:998:20)
    at SMTPConnection._onData (C:\Users\Deepti J\Desktop\sun-tech\node_modules\nodemailer\lib\smtp-connection\index.js:774:14)
    at SMTPConnection._onSocketData (C:\Users\Deepti J\Desktop\sun-tech\node_modules\nodemailer\lib\smtp-connection\index.js:195:44)
    at TLSSocket.emit (node:events:508:28)
    at addChunk (node:internal/streams/readable:563:12)
    at readableAddChunkPushByteMode (node:internal/streams/readable:514:3)
    at Readable.push (node:internal/streams/readable:394:5)

[2026-05-09T11:35:19.399Z] Error: Error: Invalid login: 535 5.7.8 Error: authentication failed: (reason unavailable)
    at SMTPConnection._formatError (C:\Users\Deepti J\Desktop\sun-tech\node_modules\nodemailer\lib\smtp-connection\index.js:814:19)
    at SMTPConnection._actionAUTHComplete (C:\Users\Deepti J\Desktop\sun-tech\node_modules\nodemailer\lib\smtp-connection\index.js:1622:34)
    at SMTPConnection.<anonymous> (C:\Users\Deepti J\Desktop\sun-tech\node_modules\nodemailer\lib\smtp-connection\index.js:556:26)
    at SMTPConnection._processResponse (C:\Users\Deepti J\Desktop\sun-tech\node_modules\nodemailer\lib\smtp-connection\index.js:998:20)
    at SMTPConnection._onData (C:\Users\Deepti J\Desktop\sun-tech\node_modules\nodemailer\lib\smtp-connection\index.js:774:14)
    at SMTPConnection._onSocketData (C:\Users\Deepti J\Desktop\sun-tech\node_modules\nodemailer\lib\smtp-connection\index.js:195:44)
    at TLSSocket.emit (node:events:508:28)
    at addChunk (node:internal/streams/readable:563:12)
    at readableAddChunkPushByteMode (node:internal/streams/readable:514:3)
    at Readable.push (node:internal/streams/readable:394:5)

[2026-05-09T11:37:24.545Z] Error: Error: Invalid login: 535 5.7.8 Error: authentication failed: (reason unavailable)
    at SMTPConnection._formatError (C:\Users\Deepti J\Desktop\sun-tech\node_modules\nodemailer\lib\smtp-connection\index.js:814:19)
    at SMTPConnection._actionAUTHComplete (C:\Users\Deepti J\Desktop\sun-tech\node_modules\nodemailer\lib\smtp-connection\index.js:1622:34)
    at SMTPConnection.<anonymous> (C:\Users\Deepti J\Desktop\sun-tech\node_modules\nodemailer\lib\smtp-connection\index.js:556:26)
    at SMTPConnection._processResponse (C:\Users\Deepti J\Desktop\sun-tech\node_modules\nodemailer\lib\smtp-connection\index.js:998:20)
    at SMTPConnection._onData (C:\Users\Deepti J\Desktop\sun-tech\node_modules\nodemailer\lib\smtp-connection\index.js:774:14)
    at SMTPConnection._onSocketData (C:\Users\Deepti J\Desktop\sun-tech\node_modules\nodemailer\lib\smtp-connection\index.js:195:44)
    at TLSSocket.emit (node:events:508:28)
    at addChunk (node:internal/streams/readable:563:12)
    at readableAddChunkPushByteMode (node:internal/streams/readable:514:3)
    at Readable.push (node:internal/streams/readable:394:5)
